<?xml version="1.0" encoding="UTF-8"?>
<testng-results skipped="0" failed="3" ignored="0" total="20" passed="17">
  <reporter-output>
  </reporter-output>
  <suite name="Default suite" duration-ms="46250" started-at="2019-05-12T07:18:50Z" finished-at="2019-05-12T07:19:36Z">
    <groups>
      <group name="Resgression">
        <method signature="Login_TestCase.validUsername_Password()[pri:11, instance:com.Testng_Test.Login_TestCase@4493d195]" name="validUsername_Password" class="com.Testng_Test.Login_TestCase"/>
      </group> <!-- Resgression -->
      <group name="Regression">
        <method signature="Login_TestCase.Check_PlaceHolder_Password()[pri:6, instance:com.Testng_Test.Login_TestCase@4493d195]" name="Check_PlaceHolder_Password" class="com.Testng_Test.Login_TestCase"/>
        <method signature="Login_TestCase.Check_PlaceHolder_Username()[pri:5, instance:com.Testng_Test.Login_TestCase@4493d195]" name="Check_PlaceHolder_Username" class="com.Testng_Test.Login_TestCase"/>
        <method signature="Login_TestCase.Verify_Url()[pri:1, instance:com.Testng_Test.Login_TestCase@4493d195]" name="Verify_Url" class="com.Testng_Test.Login_TestCase"/>
        <method signature="Login_TestCase.blank_username_password()[pri:9, instance:com.Testng_Test.Login_TestCase@4493d195]" name="blank_username_password" class="com.Testng_Test.Login_TestCase"/>
        <method signature="Login_TestCase.check_Button_color()[pri:7, instance:com.Testng_Test.Login_TestCase@4493d195]" name="check_Button_color" class="com.Testng_Test.Login_TestCase"/>
        <method signature="Login_TestCase.check_Links()[pri:8, instance:com.Testng_Test.Login_TestCase@4493d195]" name="check_Links" class="com.Testng_Test.Login_TestCase"/>
        <method signature="Login_TestCase.invalidusername_password()[pri:10, instance:com.Testng_Test.Login_TestCase@4493d195]" name="invalidusername_password" class="com.Testng_Test.Login_TestCase"/>
        <method signature="Login_TestCase.loginsesion()[pri:4, instance:com.Testng_Test.Login_TestCase@4493d195]" name="loginsesion" class="com.Testng_Test.Login_TestCase"/>
        <method signature="Login_TestCase.verifyApplicationTitle()[pri:2, instance:com.Testng_Test.Login_TestCase@4493d195]" name="verifyApplicationTitle" class="com.Testng_Test.Login_TestCase"/>
        <method signature="Login_TestCase.verify_Title()[pri:3, instance:com.Testng_Test.Login_TestCase@4493d195]" name="verify_Title" class="com.Testng_Test.Login_TestCase"/>
      </group> <!-- Regression -->
      <group name="Smoke">
        <method signature="Login_TestCase.Verify_Url_DashBoard()[pri:12, instance:com.Testng_Test.Login_TestCase@4493d195]" name="Verify_Url_DashBoard" class="com.Testng_Test.Login_TestCase"/>
        <method signature="Login_TestCase.heading_Dashboard()[pri:14, instance:com.Testng_Test.Login_TestCase@4493d195]" name="heading_Dashboard" class="com.Testng_Test.Login_TestCase"/>
        <method signature="Login_TestCase.verifyApplicationTitle_DashBoard()[pri:13, instance:com.Testng_Test.Login_TestCase@4493d195]" name="verifyApplicationTitle_DashBoard" class="com.Testng_Test.Login_TestCase"/>
      </group> <!-- Smoke -->
      <group name="Unit">
        <method signature="Login_TestCase.Click_On_AddUser_Btn()[pri:17, instance:com.Testng_Test.Login_TestCase@4493d195]" name="Click_On_AddUser_Btn" class="com.Testng_Test.Login_TestCase"/>
        <method signature="Login_TestCase.Fill_Form()[pri:18, instance:com.Testng_Test.Login_TestCase@4493d195]" name="Fill_Form" class="com.Testng_Test.Login_TestCase"/>
        <method signature="Login_TestCase.clickOn_OperatorBtn()[pri:19, instance:com.Testng_Test.Login_TestCase@4493d195]" name="clickOn_OperatorBtn" class="com.Testng_Test.Login_TestCase"/>
        <method signature="Login_TestCase.click_OnUser()[pri:15, instance:com.Testng_Test.Login_TestCase@4493d195]" name="click_OnUser" class="com.Testng_Test.Login_TestCase"/>
        <method signature="Login_TestCase.getTableData()[pri:16, instance:com.Testng_Test.Login_TestCase@4493d195]" name="getTableData" class="com.Testng_Test.Login_TestCase"/>
        <method signature="Login_TestCase.logOutBtn()[pri:20, instance:com.Testng_Test.Login_TestCase@4493d195]" name="logOutBtn" class="com.Testng_Test.Login_TestCase"/>
      </group> <!-- Unit -->
    </groups>
    <test name="Default test" duration-ms="46250" started-at="2019-05-12T07:18:50Z" finished-at="2019-05-12T07:19:36Z">
      <class name="com.Testng_Test.Login_TestCase">
        <test-method status="PASS" signature="setup_Browser()[pri:0, instance:com.Testng_Test.Login_TestCase@4493d195]" name="setup_Browser" is-config="true" duration-ms="4039" started-at="2019-05-12T07:18:46Z" finished-at="2019-05-12T07:18:50Z">
          <reporter-output>
          </reporter-output>
        </test-method> <!-- setup_Browser -->
        <test-method status="PASS" signature="Verify_Url()[pri:1, instance:com.Testng_Test.Login_TestCase@4493d195]" name="Verify_Url" duration-ms="24" started-at="2019-05-12T07:18:50Z" finished-at="2019-05-12T07:18:50Z">
          <reporter-output>
          </reporter-output>
        </test-method> <!-- Verify_Url -->
        <test-method status="PASS" signature="verifyApplicationTitle()[pri:2, instance:com.Testng_Test.Login_TestCase@4493d195]" name="verifyApplicationTitle" duration-ms="25" started-at="2019-05-12T07:18:50Z" finished-at="2019-05-12T07:18:50Z">
          <reporter-output>
          </reporter-output>
        </test-method> <!-- verifyApplicationTitle -->
        <test-method status="PASS" signature="verify_Title()[pri:3, instance:com.Testng_Test.Login_TestCase@4493d195]" name="verify_Title" duration-ms="91" started-at="2019-05-12T07:18:50Z" finished-at="2019-05-12T07:18:50Z">
          <reporter-output>
          </reporter-output>
        </test-method> <!-- verify_Title -->
        <test-method status="PASS" signature="loginsesion()[pri:4, instance:com.Testng_Test.Login_TestCase@4493d195]" name="loginsesion" duration-ms="18" started-at="2019-05-12T07:18:50Z" finished-at="2019-05-12T07:18:50Z">
          <reporter-output>
          </reporter-output>
        </test-method> <!-- loginsesion -->
        <test-method status="PASS" signature="Check_PlaceHolder_Username()[pri:5, instance:com.Testng_Test.Login_TestCase@4493d195]" name="Check_PlaceHolder_Username" duration-ms="29" started-at="2019-05-12T07:18:50Z" finished-at="2019-05-12T07:18:50Z">
          <reporter-output>
          </reporter-output>
        </test-method> <!-- Check_PlaceHolder_Username -->
        <test-method status="PASS" signature="Check_PlaceHolder_Password()[pri:6, instance:com.Testng_Test.Login_TestCase@4493d195]" name="Check_PlaceHolder_Password" duration-ms="23" started-at="2019-05-12T07:18:50Z" finished-at="2019-05-12T07:18:50Z">
          <reporter-output>
          </reporter-output>
        </test-method> <!-- Check_PlaceHolder_Password -->
        <test-method status="PASS" signature="check_Button_color()[pri:7, instance:com.Testng_Test.Login_TestCase@4493d195]" name="check_Button_color" duration-ms="68" started-at="2019-05-12T07:18:50Z" finished-at="2019-05-12T07:18:50Z">
          <reporter-output>
          </reporter-output>
        </test-method> <!-- check_Button_color -->
        <test-method status="PASS" signature="check_Links()[pri:8, instance:com.Testng_Test.Login_TestCase@4493d195]" name="check_Links" duration-ms="52" started-at="2019-05-12T07:18:50Z" finished-at="2019-05-12T07:18:50Z">
          <reporter-output>
          </reporter-output>
        </test-method> <!-- check_Links -->
        <test-method status="PASS" signature="blank_username_password()[pri:9, instance:com.Testng_Test.Login_TestCase@4493d195]" name="blank_username_password" duration-ms="217" started-at="2019-05-12T07:18:50Z" finished-at="2019-05-12T07:18:50Z">
          <reporter-output>
          </reporter-output>
        </test-method> <!-- blank_username_password -->
        <test-method status="PASS" signature="invalidusername_password()[pri:10, instance:com.Testng_Test.Login_TestCase@4493d195]" name="invalidusername_password" duration-ms="4298" started-at="2019-05-12T07:18:50Z" finished-at="2019-05-12T07:18:54Z">
          <reporter-output>
          </reporter-output>
        </test-method> <!-- invalidusername_password -->
        <test-method status="PASS" signature="validUsername_Password()[pri:11, instance:com.Testng_Test.Login_TestCase@4493d195]" name="validUsername_Password" duration-ms="490" started-at="2019-05-12T07:18:54Z" finished-at="2019-05-12T07:18:55Z">
          <reporter-output>
          </reporter-output>
        </test-method> <!-- validUsername_Password -->
        <test-method status="FAIL" signature="Verify_Url_DashBoard()[pri:12, instance:com.Testng_Test.Login_TestCase@4493d195]" name="Verify_Url_DashBoard" duration-ms="28" started-at="2019-05-12T07:18:55Z" finished-at="2019-05-12T07:18:55Z">
          <exception class="java.lang.AssertionError">
            <message>
              <![CDATA[expected [file:///D:/AdminLTE/index.html] but found [file:///D:/AdminLTE/pages/examples/dashboard.html]]]>
            </message>
            <full-stacktrace>
              <![CDATA[java.lang.AssertionError: expected [file:///D:/AdminLTE/index.html] but found [file:///D:/AdminLTE/pages/examples/dashboard.html]
at org.testng.Assert.fail(Assert.java:96)
at org.testng.Assert.failNotEquals(Assert.java:776)
at org.testng.Assert.assertEqualsImpl(Assert.java:137)
at org.testng.Assert.assertEquals(Assert.java:118)
at org.testng.Assert.assertEquals(Assert.java:453)
at org.testng.Assert.assertEquals(Assert.java:463)
at com.Testng_Test.Login_TestCase.Verify_Url_DashBoard(Login_TestCase.java:205)
at sun.reflect.NativeMethodAccessorImpl.invoke0(Native Method)
at sun.reflect.NativeMethodAccessorImpl.invoke(NativeMethodAccessorImpl.java:62)
at sun.reflect.DelegatingMethodAccessorImpl.invoke(DelegatingMethodAccessorImpl.java:43)
at java.lang.reflect.Method.invoke(Method.java:498)
at org.testng.internal.MethodInvocationHelper.invokeMethod(MethodInvocationHelper.java:124)
at org.testng.internal.Invoker.invokeMethod(Invoker.java:580)
at org.testng.internal.Invoker.invokeTestMethod(Invoker.java:716)
at org.testng.internal.Invoker.invokeTestMethods(Invoker.java:988)
at org.testng.internal.TestMethodWorker.invokeTestMethods(TestMethodWorker.java:125)
at org.testng.internal.TestMethodWorker.run(TestMethodWorker.java:109)
at org.testng.TestRunner.privateRun(TestRunner.java:648)
at org.testng.TestRunner.run(TestRunner.java:505)
at org.testng.SuiteRunner.runTest(SuiteRunner.java:455)
at org.testng.SuiteRunner.runSequentially(SuiteRunner.java:450)
at org.testng.SuiteRunner.privateRun(SuiteRunner.java:415)
at org.testng.SuiteRunner.run(SuiteRunner.java:364)
at org.testng.SuiteRunnerWorker.runSuite(SuiteRunnerWorker.java:52)
at org.testng.SuiteRunnerWorker.run(SuiteRunnerWorker.java:84)
at org.testng.TestNG.runSuitesSequentially(TestNG.java:1208)
at org.testng.TestNG.runSuitesLocally(TestNG.java:1137)
at org.testng.TestNG.runSuites(TestNG.java:1049)
at org.testng.TestNG.run(TestNG.java:1017)
at org.testng.remote.AbstractRemoteTestNG.run(AbstractRemoteTestNG.java:114)
at org.testng.remote.RemoteTestNG.initAndRun(RemoteTestNG.java:251)
at org.testng.remote.RemoteTestNG.main(RemoteTestNG.java:77)
]]>
            </full-stacktrace>
          </exception> <!-- java.lang.AssertionError -->
          <reporter-output>
          </reporter-output>
        </test-method> <!-- Verify_Url_DashBoard -->
        <test-method status="PASS" signature="verifyApplicationTitle_DashBoard()[pri:13, instance:com.Testng_Test.Login_TestCase@4493d195]" name="verifyApplicationTitle_DashBoard" duration-ms="14" started-at="2019-05-12T07:18:55Z" finished-at="2019-05-12T07:18:55Z">
          <reporter-output>
          </reporter-output>
        </test-method> <!-- verifyApplicationTitle_DashBoard -->
        <test-method status="PASS" signature="heading_Dashboard()[pri:14, instance:com.Testng_Test.Login_TestCase@4493d195]" name="heading_Dashboard" duration-ms="2033" started-at="2019-05-12T07:18:55Z" finished-at="2019-05-12T07:18:57Z">
          <reporter-output>
          </reporter-output>
        </test-method> <!-- heading_Dashboard -->
        <test-method status="PASS" signature="click_OnUser()[pri:15, instance:com.Testng_Test.Login_TestCase@4493d195]" name="click_OnUser" duration-ms="2755" started-at="2019-05-12T07:18:57Z" finished-at="2019-05-12T07:19:00Z">
          <reporter-output>
          </reporter-output>
        </test-method> <!-- click_OnUser -->
        <test-method status="PASS" signature="getTableData()[pri:16, instance:com.Testng_Test.Login_TestCase@4493d195]" name="getTableData" duration-ms="7525" started-at="2019-05-12T07:19:00Z" finished-at="2019-05-12T07:19:07Z">
          <reporter-output>
          </reporter-output>
        </test-method> <!-- getTableData -->
        <test-method status="PASS" signature="Click_On_AddUser_Btn()[pri:17, instance:com.Testng_Test.Login_TestCase@4493d195]" name="Click_On_AddUser_Btn" duration-ms="2241" started-at="2019-05-12T07:19:07Z" finished-at="2019-05-12T07:19:10Z">
          <reporter-output>
          </reporter-output>
        </test-method> <!-- Click_On_AddUser_Btn -->
        <test-method status="PASS" signature="Fill_Form()[pri:18, instance:com.Testng_Test.Login_TestCase@4493d195]" name="Fill_Form" duration-ms="13903" started-at="2019-05-12T07:19:10Z" finished-at="2019-05-12T07:19:23Z">
          <reporter-output>
          </reporter-output>
        </test-method> <!-- Fill_Form -->
        <test-method status="FAIL" signature="clickOn_OperatorBtn()[pri:19, instance:com.Testng_Test.Login_TestCase@4493d195]" name="clickOn_OperatorBtn" duration-ms="7299" started-at="2019-05-12T07:19:23Z" finished-at="2019-05-12T07:19:31Z">
          <exception class="org.openqa.selenium.NoSuchElementException">
            <message>
              <![CDATA[Unable to locate element: {"method":"xpath","selector":"//div[@class='box-body table-responsive no-padding']"}
Command duration or timeout: 5.10 seconds
For documentation on this error, please visit: http://seleniumhq.org/exceptions/no_such_element.html
Build info: version: '2.52.0', revision: '4c2593c', time: '2016-02-11 19:06:42'
System info: host: 'DESKTOP-MDH6837', ip: '192.168.217.1', os.name: 'Windows 10', os.arch: 'amd64', os.version: '10.0', java.version: '1.8.0_144'
Driver info: org.openqa.selenium.firefox.FirefoxDriver
Capabilities [{applicationCacheEnabled=true, rotatable=false, handlesAlerts=true, databaseEnabled=true, version=46.0.1, platform=WINDOWS, nativeEvents=false, acceptSslCerts=true, webStorageEnabled=true, locationContextEnabled=true, browserName=firefox, takesScreenshot=true, javascriptEnabled=true, cssSelectorsEnabled=true}]
Session ID: fd17a2fb-7651-4db8-b7af-1a70067c3b76
*** Element info: {Using=xpath, value=//div[@class='box-body table-responsive no-padding']}]]>
            </message>
            <full-stacktrace>
              <![CDATA[org.openqa.selenium.NoSuchElementException: Unable to locate element: {"method":"xpath","selector":"//div[@class='box-body table-responsive no-padding']"}
Command duration or timeout: 5.10 seconds
For documentation on this error, please visit: http://seleniumhq.org/exceptions/no_such_element.html
Build info: version: '2.52.0', revision: '4c2593c', time: '2016-02-11 19:06:42'
System info: host: 'DESKTOP-MDH6837', ip: '192.168.217.1', os.name: 'Windows 10', os.arch: 'amd64', os.version: '10.0', java.version: '1.8.0_144'
Driver info: org.openqa.selenium.firefox.FirefoxDriver
Capabilities [{applicationCacheEnabled=true, rotatable=false, handlesAlerts=true, databaseEnabled=true, version=46.0.1, platform=WINDOWS, nativeEvents=false, acceptSslCerts=true, webStorageEnabled=true, locationContextEnabled=true, browserName=firefox, takesScreenshot=true, javascriptEnabled=true, cssSelectorsEnabled=true}]
Session ID: fd17a2fb-7651-4db8-b7af-1a70067c3b76
*** Element info: {Using=xpath, value=//div[@class='box-body table-responsive no-padding']}
at sun.reflect.NativeConstructorAccessorImpl.newInstance0(Native Method)
at sun.reflect.NativeConstructorAccessorImpl.newInstance(NativeConstructorAccessorImpl.java:62)
at sun.reflect.DelegatingConstructorAccessorImpl.newInstance(DelegatingConstructorAccessorImpl.java:45)
at java.lang.reflect.Constructor.newInstance(Constructor.java:423)
at org.openqa.selenium.remote.ErrorHandler.createThrowable(ErrorHandler.java:206)
at org.openqa.selenium.remote.ErrorHandler.throwIfResponseFailed(ErrorHandler.java:158)
at org.openqa.selenium.remote.RemoteWebDriver.execute(RemoteWebDriver.java:678)
at org.openqa.selenium.remote.RemoteWebDriver.findElement(RemoteWebDriver.java:363)
at org.openqa.selenium.remote.RemoteWebDriver.findElementByXPath(RemoteWebDriver.java:500)
at org.openqa.selenium.By$ByXPath.findElement(By.java:361)
at org.openqa.selenium.remote.RemoteWebDriver.findElement(RemoteWebDriver.java:355)
at com.Testng_Test.Login_TestCase.clickOn_OperatorBtn(Login_TestCase.java:331)
at sun.reflect.NativeMethodAccessorImpl.invoke0(Native Method)
at sun.reflect.NativeMethodAccessorImpl.invoke(NativeMethodAccessorImpl.java:62)
at sun.reflect.DelegatingMethodAccessorImpl.invoke(DelegatingMethodAccessorImpl.java:43)
at java.lang.reflect.Method.invoke(Method.java:498)
at org.testng.internal.MethodInvocationHelper.invokeMethod(MethodInvocationHelper.java:124)
at org.testng.internal.Invoker.invokeMethod(Invoker.java:580)
at org.testng.internal.Invoker.invokeTestMethod(Invoker.java:716)
at org.testng.internal.Invoker.invokeTestMethods(Invoker.java:988)
at org.testng.internal.TestMethodWorker.invokeTestMethods(TestMethodWorker.java:125)
at org.testng.internal.TestMethodWorker.run(TestMethodWorker.java:109)
at org.testng.TestRunner.privateRun(TestRunner.java:648)
at org.testng.TestRunner.run(TestRunner.java:505)
at org.testng.SuiteRunner.runTest(SuiteRunner.java:455)
at org.testng.SuiteRunner.runSequentially(SuiteRunner.java:450)
at org.testng.SuiteRunner.privateRun(SuiteRunner.java:415)
at org.testng.SuiteRunner.run(SuiteRunner.java:364)
at org.testng.SuiteRunnerWorker.runSuite(SuiteRunnerWorker.java:52)
at org.testng.SuiteRunnerWorker.run(SuiteRunnerWorker.java:84)
at org.testng.TestNG.runSuitesSequentially(TestNG.java:1208)
at org.testng.TestNG.runSuitesLocally(TestNG.java:1137)
at org.testng.TestNG.runSuites(TestNG.java:1049)
at org.testng.TestNG.run(TestNG.java:1017)
at org.testng.remote.AbstractRemoteTestNG.run(AbstractRemoteTestNG.java:114)
at org.testng.remote.RemoteTestNG.initAndRun(RemoteTestNG.java:251)
at org.testng.remote.RemoteTestNG.main(RemoteTestNG.java:77)
Caused by: org.openqa.selenium.NoSuchElementException: Unable to locate element: {"method":"xpath","selector":"//div[@class='box-body table-responsive no-padding']"}
For documentation on this error, please visit: http://seleniumhq.org/exceptions/no_such_element.html
Build info: version: '2.52.0', revision: '4c2593c', time: '2016-02-11 19:06:42'
System info: host: 'DESKTOP-MDH6837', ip: '192.168.217.1', os.name: 'Windows 10', os.arch: 'amd64', os.version: '10.0', java.version: '1.8.0_144'
Driver info: driver.version: unknown
at <anonymous class>.FirefoxDriver.prototype.findElementInternal_(file:///C:/Users/darsh/AppData/Local/Temp/anonymous9153448100737944306webdriver-profile/extensions/fxdriver@googlecode.com/components/driver-component.js:10723)
at <anonymous class>.fxdriver.Timer.prototype.setTimeout/<.notify(file:///C:/Users/darsh/AppData/Local/Temp/anonymous9153448100737944306webdriver-profile/extensions/fxdriver@googlecode.com/components/driver-component.js:623)
]]>
            </full-stacktrace>
          </exception> <!-- org.openqa.selenium.NoSuchElementException -->
          <reporter-output>
          </reporter-output>
        </test-method> <!-- clickOn_OperatorBtn -->
        <test-method status="FAIL" signature="logOutBtn()[pri:20, instance:com.Testng_Test.Login_TestCase@4493d195]" name="logOutBtn" duration-ms="5032" started-at="2019-05-12T07:19:31Z" finished-at="2019-05-12T07:19:36Z">
          <exception class="org.openqa.selenium.NoSuchElementException">
            <message>
              <![CDATA[Unable to locate element: {"method":"xpath","selector":"//span[contains(text(),'Logout1')]"}
Command duration or timeout: 5.03 seconds
For documentation on this error, please visit: http://seleniumhq.org/exceptions/no_such_element.html
Build info: version: '2.52.0', revision: '4c2593c', time: '2016-02-11 19:06:42'
System info: host: 'DESKTOP-MDH6837', ip: '192.168.217.1', os.name: 'Windows 10', os.arch: 'amd64', os.version: '10.0', java.version: '1.8.0_144'
Driver info: org.openqa.selenium.firefox.FirefoxDriver
Capabilities [{applicationCacheEnabled=true, rotatable=false, handlesAlerts=true, databaseEnabled=true, version=46.0.1, platform=WINDOWS, nativeEvents=false, acceptSslCerts=true, webStorageEnabled=true, locationContextEnabled=true, browserName=firefox, takesScreenshot=true, javascriptEnabled=true, cssSelectorsEnabled=true}]
Session ID: fd17a2fb-7651-4db8-b7af-1a70067c3b76
*** Element info: {Using=xpath, value=//span[contains(text(),'Logout1')]}]]>
            </message>
            <full-stacktrace>
              <![CDATA[org.openqa.selenium.NoSuchElementException: Unable to locate element: {"method":"xpath","selector":"//span[contains(text(),'Logout1')]"}
Command duration or timeout: 5.03 seconds
For documentation on this error, please visit: http://seleniumhq.org/exceptions/no_such_element.html
Build info: version: '2.52.0', revision: '4c2593c', time: '2016-02-11 19:06:42'
System info: host: 'DESKTOP-MDH6837', ip: '192.168.217.1', os.name: 'Windows 10', os.arch: 'amd64', os.version: '10.0', java.version: '1.8.0_144'
Driver info: org.openqa.selenium.firefox.FirefoxDriver
Capabilities [{applicationCacheEnabled=true, rotatable=false, handlesAlerts=true, databaseEnabled=true, version=46.0.1, platform=WINDOWS, nativeEvents=false, acceptSslCerts=true, webStorageEnabled=true, locationContextEnabled=true, browserName=firefox, takesScreenshot=true, javascriptEnabled=true, cssSelectorsEnabled=true}]
Session ID: fd17a2fb-7651-4db8-b7af-1a70067c3b76
*** Element info: {Using=xpath, value=//span[contains(text(),'Logout1')]}
at sun.reflect.NativeConstructorAccessorImpl.newInstance0(Native Method)
at sun.reflect.NativeConstructorAccessorImpl.newInstance(NativeConstructorAccessorImpl.java:62)
at sun.reflect.DelegatingConstructorAccessorImpl.newInstance(DelegatingConstructorAccessorImpl.java:45)
at java.lang.reflect.Constructor.newInstance(Constructor.java:423)
at org.openqa.selenium.remote.ErrorHandler.createThrowable(ErrorHandler.java:206)
at org.openqa.selenium.remote.ErrorHandler.throwIfResponseFailed(ErrorHandler.java:158)
at org.openqa.selenium.remote.RemoteWebDriver.execute(RemoteWebDriver.java:678)
at org.openqa.selenium.remote.RemoteWebDriver.findElement(RemoteWebDriver.java:363)
at org.openqa.selenium.remote.RemoteWebDriver.findElementByXPath(RemoteWebDriver.java:500)
at org.openqa.selenium.By$ByXPath.findElement(By.java:361)
at org.openqa.selenium.remote.RemoteWebDriver.findElement(RemoteWebDriver.java:355)
at com.Testng_Test.Login_TestCase.logOutBtn(Login_TestCase.java:347)
at sun.reflect.NativeMethodAccessorImpl.invoke0(Native Method)
at sun.reflect.NativeMethodAccessorImpl.invoke(NativeMethodAccessorImpl.java:62)
at sun.reflect.DelegatingMethodAccessorImpl.invoke(DelegatingMethodAccessorImpl.java:43)
at java.lang.reflect.Method.invoke(Method.java:498)
at org.testng.internal.MethodInvocationHelper.invokeMethod(MethodInvocationHelper.java:124)
at org.testng.internal.Invoker.invokeMethod(Invoker.java:580)
at org.testng.internal.Invoker.invokeTestMethod(Invoker.java:716)
at org.testng.internal.Invoker.invokeTestMethods(Invoker.java:988)
at org.testng.internal.TestMethodWorker.invokeTestMethods(TestMethodWorker.java:125)
at org.testng.internal.TestMethodWorker.run(TestMethodWorker.java:109)
at org.testng.TestRunner.privateRun(TestRunner.java:648)
at org.testng.TestRunner.run(TestRunner.java:505)
at org.testng.SuiteRunner.runTest(SuiteRunner.java:455)
at org.testng.SuiteRunner.runSequentially(SuiteRunner.java:450)
at org.testng.SuiteRunner.privateRun(SuiteRunner.java:415)
at org.testng.SuiteRunner.run(SuiteRunner.java:364)
at org.testng.SuiteRunnerWorker.runSuite(SuiteRunnerWorker.java:52)
at org.testng.SuiteRunnerWorker.run(SuiteRunnerWorker.java:84)
at org.testng.TestNG.runSuitesSequentially(TestNG.java:1208)
at org.testng.TestNG.runSuitesLocally(TestNG.java:1137)
at org.testng.TestNG.runSuites(TestNG.java:1049)
at org.testng.TestNG.run(TestNG.java:1017)
at org.testng.remote.AbstractRemoteTestNG.run(AbstractRemoteTestNG.java:114)
at org.testng.remote.RemoteTestNG.initAndRun(RemoteTestNG.java:251)
at org.testng.remote.RemoteTestNG.main(RemoteTestNG.java:77)
Caused by: org.openqa.selenium.NoSuchElementException: Unable to locate element: {"method":"xpath","selector":"//span[contains(text(),'Logout1')]"}
For documentation on this error, please visit: http://seleniumhq.org/exceptions/no_such_element.html
Build info: version: '2.52.0', revision: '4c2593c', time: '2016-02-11 19:06:42'
System info: host: 'DESKTOP-MDH6837', ip: '192.168.217.1', os.name: 'Windows 10', os.arch: 'amd64', os.version: '10.0', java.version: '1.8.0_144'
Driver info: driver.version: unknown
at <anonymous class>.FirefoxDriver.prototype.findElementInternal_(file:///C:/Users/darsh/AppData/Local/Temp/anonymous9153448100737944306webdriver-profile/extensions/fxdriver@googlecode.com/components/driver-component.js:10723)
at <anonymous class>.fxdriver.Timer.prototype.setTimeout/<.notify(file:///C:/Users/darsh/AppData/Local/Temp/anonymous9153448100737944306webdriver-profile/extensions/fxdriver@googlecode.com/components/driver-component.js:623)
]]>
            </full-stacktrace>
          </exception> <!-- org.openqa.selenium.NoSuchElementException -->
          <reporter-output>
          </reporter-output>
        </test-method> <!-- logOutBtn -->
        <test-method status="PASS" signature="close_Browse()[pri:0, instance:com.Testng_Test.Login_TestCase@4493d195]" name="close_Browse" is-config="true" duration-ms="625" started-at="2019-05-12T07:19:36Z" finished-at="2019-05-12T07:19:37Z">
          <reporter-output>
          </reporter-output>
        </test-method> <!-- close_Browse -->
      </class> <!-- com.Testng_Test.Login_TestCase -->
    </test> <!-- Default test -->
  </suite> <!-- Default suite -->
</testng-results>
