<?xml version="1.0" encoding="UTF-8"?>
<!-- Generated by org.testng.reporters.JUnitXMLReporter -->
<testsuite hostname="DESKTOP-MDH6837" ignored="0" name="Test" tests="20" failures="2" timestamp="14 Apr 2018 06:43:42 GMT" time="63.789" errors="0">
  <testcase name="Verify_Url" time="0.034" classname="com.Testng_Test.Login_TestCase"/>
  <testcase name="verifyApplicationTitle" time="0.014" classname="com.Testng_Test.Login_TestCase"/>
  <testcase name="verify_Title" time="0.094" classname="com.Testng_Test.Login_TestCase"/>
  <testcase name="loginsesion" time="0.012" classname="com.Testng_Test.Login_TestCase"/>
  <testcase name="Check_PlaceHolder_Username" time="0.022" classname="com.Testng_Test.Login_TestCase"/>
  <testcase name="Check_PlaceHolder_Password" time="0.016" classname="com.Testng_Test.Login_TestCase"/>
  <testcase name="check_Button_color" time="0.059" classname="com.Testng_Test.Login_TestCase"/>
  <testcase name="check_Links" time="0.035" classname="com.Testng_Test.Login_TestCase"/>
  <testcase name="blank_username_password" time="0.279" classname="com.Testng_Test.Login_TestCase"/>
  <testcase name="invalidusername_password" time="4.637" classname="com.Testng_Test.Login_TestCase"/>
  <testcase name="validUsername_Password" time="12.531" classname="com.Testng_Test.Login_TestCase"/>
  <testcase name="Verify_Url_DashBoard" time="0.043" classname="com.Testng_Test.Login_TestCase">
    <failure type="java.lang.AssertionError" message="expected [file:///D:/AdminLTE/index.html] but found [file:///D:/AdminLTE/pages/examples/dashboard.html]">
      <![CDATA[java.lang.AssertionError: expected [file:///D:/AdminLTE/index.html] but found [file:///D:/AdminLTE/pages/examples/dashboard.html]at com.Testng_Test.Login_TestCase.Verify_Url_DashBoard(Login_TestCase.java:207)... Removed 31 stack frames]]>
    </failure>
  </testcase> <!-- Verify_Url_DashBoard -->
  <testcase name="verifyApplicationTitle_DashBoard" time="0.028" classname="com.Testng_Test.Login_TestCase"/>
  <testcase name="heading_Dashboard" time="2.069" classname="com.Testng_Test.Login_TestCase"/>
  <testcase name="click_OnUser" time="2.65" classname="com.Testng_Test.Login_TestCase"/>
  <testcase name="getTableData" time="7.655" classname="com.Testng_Test.Login_TestCase"/>
  <testcase name="Click_On_AddUser_Btn" time="2.279" classname="com.Testng_Test.Login_TestCase"/>
  <testcase name="Fill_Form" time="15.752" classname="com.Testng_Test.Login_TestCase"/>
  <testcase name="clickOn_OperatorBtn" time="10.357" classname="com.Testng_Test.Login_TestCase"/>
  <testcase name="logOutBtn" time="5.124" classname="com.Testng_Test.Login_TestCase">
    <failure type="org.openqa.selenium.NoSuchElementException" message="Unable to locate element: {&amp;quot;method&amp;quot;:&amp;quot;xpath&amp;quot;,&amp;quot;selector&amp;quot;:&amp;quot;//span[contains(text(),&amp;apos;Logout1&amp;apos;)]&amp;quot;}
Command duration or timeout: 5.11 seconds
For documentation on this error, please visit: http://seleniumhq.org/exceptions/no_such_element.html
Build info: version: &amp;apos;2.52.0&amp;apos;, revision: &amp;apos;4c2593c&amp;apos;, time: &amp;apos;2016-02-11 19:06:42&amp;apos;
System info: host: &amp;apos;DESKTOP-MDH6837&amp;apos;, ip: &amp;apos;172.20.10.2&amp;apos;, os.name: &amp;apos;Windows 10&amp;apos;, os.arch: &amp;apos;amd64&amp;apos;, os.version: &amp;apos;10.0&amp;apos;, java.version: &amp;apos;1.8.0_144&amp;apos;
Driver info: org.openqa.selenium.firefox.FirefoxDriver
Capabilities [{applicationCacheEnabled=true, rotatable=false, handlesAlerts=true, databaseEnabled=true, version=46.0.1, platform=WINDOWS, nativeEvents=false, acceptSslCerts=true, webStorageEnabled=true, locationContextEnabled=true, browserName=firefox, takesScreenshot=true, javascriptEnabled=true, cssSelectorsEnabled=true}]
Session ID: 14cfafe0-ff27-4e87-90db-fc34944d3ed6
*** Element info: {Using=xpath, value=//span[contains(text(),&amp;apos;Logout1&amp;apos;)]}">
      <![CDATA[org.openqa.selenium.NoSuchElementException: Unable to locate element: {"method":"xpath","selector":"//span[contains(text(),'Logout1')]"}Command duration or timeout: 5.11 secondsFor documentation on this error, please visit: http://seleniumhq.org/exceptions/no_such_element.htmlBuild info: version: '2.52.0', revision: '4c2593c', time: '2016-02-11 19:06:42'System info: host: 'DESKTOP-MDH6837', ip: '172.20.10.2', os.name: 'Windows 10', os.arch: 'amd64', os.version: '10.0', java.version: '1.8.0_144'Driver info: org.openqa.selenium.firefox.FirefoxDriverCapabilities [{applicationCacheEnabled=true, rotatable=false, handlesAlerts=true, databaseEnabled=true, version=46.0.1, platform=WINDOWS, nativeEvents=false, acceptSslCerts=true, webStorageEnabled=true, locationContextEnabled=true, browserName=firefox, takesScreenshot=true, javascriptEnabled=true, cssSelectorsEnabled=true}]Session ID: 14cfafe0-ff27-4e87-90db-fc34944d3ed6*** Element info: {Using=xpath, value=//span[contains(text(),'Logout1')]}at org.openqa.selenium.remote.ErrorHandler.createThrowable(ErrorHandler.java:206)at org.openqa.selenium.remote.ErrorHandler.throwIfResponseFailed(ErrorHandler.java:158)at org.openqa.selenium.remote.RemoteWebDriver.execute(RemoteWebDriver.java:678)at org.openqa.selenium.remote.RemoteWebDriver.findElement(RemoteWebDriver.java:363)at org.openqa.selenium.remote.RemoteWebDriver.findElementByXPath(RemoteWebDriver.java:500)at org.openqa.selenium.By$ByXPath.findElement(By.java:361)at org.openqa.selenium.remote.RemoteWebDriver.findElement(RemoteWebDriver.java:355)at com.Testng_Test.Login_TestCase.logOutBtn(Login_TestCase.java:349)Caused by: org.openqa.selenium.NoSuchElementException: Unable to locate element: {"method":"xpath","selector":"//span[contains(text(),'Logout1')]"}For documentation on this error, please visit: http://seleniumhq.org/exceptions/no_such_element.htmlBuild info: version: '2.52.0', revision: '4c2593c', time: '2016-02-11 19:06:42'System info: host: 'DESKTOP-MDH6837', ip: '172.20.10.2', os.name: 'Windows 10', os.arch: 'amd64', os.version: '10.0', java.version: '1.8.0_144'Driver info: driver.version: unknownat <anonymous class>.FirefoxDriver.prototype.findElementInternal_(file:///C:/Users/darsh/AppData/Local/Temp/anonymous1891134135027446919webdriver-profile/extensions/fxdriver@googlecode.com/components/driver-component.js:10723)at <anonymous class>.fxdriver.Timer.prototype.setTimeout/<.notify(file:///C:/Users/darsh/AppData/Local/Temp/anonymous1891134135027446919webdriver-profile/extensions/fxdriver@googlecode.com/components/driver-component.js:623)... Removed 29 stack frames]]>
    </failure>
  </testcase> <!-- logOutBtn -->
</testsuite> <!-- Test -->
